d:\wincpp\gitwork\ffplayvs14dlg\ffplayvs14dlg\release\ffplayvs14dlg.pch
d:\wincpp\gitwork\ffplayvs14dlg\ffplayvs14dlg\release\vc142.pdb
d:\wincpp\gitwork\ffplayvs14dlg\ffplayvs14dlg\release\stdafx.obj
d:\wincpp\gitwork\ffplayvs14dlg\ffplayvs14dlg\release\vc140.pdb
d:\wincpp\gitwork\ffplayvs14dlg\ffplayvs14dlg\release\ffplayvs14dlgdlg.obj
d:\wincpp\gitwork\ffplayvs14dlg\ffplayvs14dlg\release\ffplayvs14dlg.obj
d:\wincpp\gitwork\ffplayvs14dlg\ffplayvs14dlg\release\configini.obj
d:\wincpp\gitwork\ffplayvs14dlg\ffplayvs14dlg\release\cmdutils.obj
d:\wincpp\gitwork\ffplayvs14dlg\ffplayvs14dlg\release\ffplayer.obj
d:\wincpp\gitwork\ffplayvs14dlg\release\ffplayvs14dlg.ipdb
d:\wincpp\gitwork\ffplayvs14dlg\release\ffplayvs14dlg.iobj
d:\wincpp\gitwork\ffplayvs14dlg\release\ffplayvs14dlg.exe
d:\wincpp\gitwork\ffplayvs14dlg\release\ffplayvs14dlg.pdb
d:\wincpp\gitwork\ffplayvs14dlg\ffplayvs14dlg\release\ffplayvs14dlg.res
d:\wincpp\gitwork\ffplayvs14dlg\ffplayvs14dlg\release\ffplayvs14dlg.tlog\cl.command.1.tlog
d:\wincpp\gitwork\ffplayvs14dlg\ffplayvs14dlg\release\ffplayvs14dlg.tlog\cl.read.1.tlog
d:\wincpp\gitwork\ffplayvs14dlg\ffplayvs14dlg\release\ffplayvs14dlg.tlog\cl.write.1.tlog
d:\wincpp\gitwork\ffplayvs14dlg\ffplayvs14dlg\release\ffplayvs14dlg.tlog\ffplayvs14dlg.write.1u.tlog
d:\wincpp\gitwork\ffplayvs14dlg\ffplayvs14dlg\release\ffplayvs14dlg.tlog\link.command.1.tlog
d:\wincpp\gitwork\ffplayvs14dlg\ffplayvs14dlg\release\ffplayvs14dlg.tlog\link.read.1.tlog
d:\wincpp\gitwork\ffplayvs14dlg\ffplayvs14dlg\release\ffplayvs14dlg.tlog\link.write.1.tlog
d:\wincpp\gitwork\ffplayvs14dlg\ffplayvs14dlg\release\ffplayvs14dlg.tlog\rc.command.1.tlog
d:\wincpp\gitwork\ffplayvs14dlg\ffplayvs14dlg\release\ffplayvs14dlg.tlog\rc.read.1.tlog
d:\wincpp\gitwork\ffplayvs14dlg\ffplayvs14dlg\release\ffplayvs14dlg.tlog\rc.write.1.tlog
